# JRE version: OpenJDK Runtime Environment (11.0.15) (build 11.0.15+0-b2043.56-9505619)
# Java VM: OpenJDK 64-Bit Server VM (11.0.15+0-b2043.56-9505619, mixed mode, tiered, compressed oops, g1 gc, windows-amd64)
Heap:
 garbage-first heap   total 402432K, used 259584K [0x0000000080000000, 0x0000000100000000)
  region size 1024K, 17 young (17408K), 3 survivors (3072K)
 Metaspace       used 131892K, capacity 135834K, committed 140316K, reserved 1169408K
  class space    used 16531K, capacity 18050K, committed 19864K, reserved 1048576K
GC Heap History (20 events):
Event: 1827.310 GC heap before
{Heap before GC invocations=52 (full 0):
 garbage-first heap   total 402432K, used 326923K [0x0000000080000000, 0x0000000100000000)
  region size 1024K, 64 young (65536K), 8 survivors (8192K)
 Metaspace       used 131698K, capacity 135836K, committed 139804K, reserved 1169408K
  class space    used 16626K, capacity 18240K, committed 19864K, reserved 1048576K
}
Event: 1827.317 GC heap after
{Heap after GC invocations=53 (full 0):
 garbage-first heap   total 402432K, used 268628K [0x0000000080000000, 0x0000000100000000)
  region size 1024K, 4 young (4096K), 4 survivors (4096K)
 Metaspace       used 131698K, capacity 135836K, committed 139804K, reserved 1169408K
  class space    used 16626K, capacity 18240K, committed 19864K, reserved 1048576K
}
Event: 1827.910 GC heap before
{Heap before GC invocations=53 (full 0):
 garbage-first heap   total 402432K, used 331092K [0x0000000080000000, 0x0000000100000000)
  region size 1024K, 63 young (64512K), 4 survivors (4096K)
 Metaspace       used 131878K, capacity 136095K, committed 139804K, reserved 1169408K
  class space    used 16639K, capacity 18261K, committed 19864K, reserved 1048576K
}
Event: 1827.927 GC heap after
{Heap after GC invocations=54 (full 0):
 garbage-first heap   total 402432K, used 290580K [0x0000000080000000, 0x0000000100000000)
  region size 1024K, 8 young (8192K), 8 survivors (8192K)
 Metaspace       used 131878K, capacity 136095K, committed 139804K, reserved 1169408K
  class space    used 16639K, capacity 18261K, committed 19864K, reserved 1048576K
}
Event: 1828.098 GC heap before
{Heap before GC invocations=54 (full 0):
 garbage-first heap   total 402432K, used 356116K [0x0000000080000000, 0x0000000100000000)
  region size 1024K, 49 young (50176K), 8 survivors (8192K)
 Metaspace       used 131887K, capacity 136100K, committed 139804K, reserved 1169408K
  class space    used 16639K, capacity 18261K, committed 19864K, reserved 1048576K
}
Event: 1828.111 GC heap after
{Heap after GC invocations=55 (full 0):
 garbage-first heap   total 402432K, used 294722K [0x0000000080000000, 0x0000000100000000)
  region size 1024K, 5 young (5120K), 5 survivors (5120K)
 Metaspace       used 131887K, capacity 136100K, committed 139804K, reserved 1169408K
  class space    used 16639K, capacity 18261K, committed 19864K, reserved 1048576K
}
Event: 1828.376 GC heap before
{Heap before GC invocations=55 (full 0):
 garbage-first heap   total 402432K, used 334658K [0x0000000080000000, 0x0000000100000000)
  region size 1024K, 45 young (46080K), 5 survivors (5120K)
 Metaspace       used 131977K, capacity 136145K, committed 139804K, reserved 1169408K
  class space    used 16647K, capacity 18276K, committed 19864K, reserved 1048576K
}
Event: 1828.390 GC heap after
{Heap after GC invocations=56 (full 0):
 garbage-first heap   total 402432K, used 299918K [0x0000000080000000, 0x0000000100000000)
  region size 1024K, 6 young (6144K), 6 survivors (6144K)
 Metaspace       used 131977K, capacity 136145K, committed 139804K, reserved 1169408K
  class space    used 16647K, capacity 18276K, committed 19864K, reserved 1048576K
}
Event: 1830.418 GC heap before
{Heap before GC invocations=56 (full 0):
 garbage-first heap   total 402432K, used 337806K [0x0000000080000000, 0x0000000100000000)
  region size 1024K, 44 young (45056K), 6 survivors (6144K)
 Metaspace       used 132011K, capacity 136274K, committed 140060K, reserved 1169408K
  class space    used 16647K, capacity 18276K, committed 19864K, reserved 1048576K
}
Event: 1830.424 GC heap after
{Heap after GC invocations=57 (full 0):
 garbage-first heap   total 402432K, used 300273K [0x0000000080000000, 0x0000000100000000)
  region size 1024K, 5 young (5120K), 5 survivors (5120K)
 Metaspace       used 132011K, capacity 136274K, committed 140060K, reserved 1169408K
  class space    used 16647K, capacity 18276K, committed 19864K, reserved 1048576K
}
Event: 1832.125 GC heap before
{Heap before GC invocations=57 (full 0):
 garbage-first heap   total 402432K, used 339185K [0x0000000080000000, 0x0000000100000000)
  region size 1024K, 44 young (45056K), 5 survivors (5120K)
 Metaspace       used 132199K, capacity 136393K, committed 140060K, reserved 1169408K
  class space    used 16651K, capacity 18283K, committed 19864K, reserved 1048576K
}
Event: 1832.132 GC heap after
{Heap after GC invocations=58 (full 0):
 garbage-first heap   total 402432K, used 300386K [0x0000000080000000, 0x0000000100000000)
  region size 1024K, 3 young (3072K), 3 survivors (3072K)
 Metaspace       used 132199K, capacity 136393K, committed 140060K, reserved 1169408K
  class space    used 16651K, capacity 18283K, committed 19864K, reserved 1048576K
}
Event: 1832.266 GC heap before
{Heap before GC invocations=58 (full 0):
 garbage-first heap   total 402432K, used 320866K [0x0000000080000000, 0x0000000100000000)
  region size 1024K, 9 young (9216K), 3 survivors (3072K)
 Metaspace       used 132346K, capacity 136525K, committed 140316K, reserved 1169408K
  class space    used 16652K, capacity 18284K, committed 19864K, reserved 1048576K
}
Event: 1832.271 GC heap after
{Heap after GC invocations=59 (full 0):
 garbage-first heap   total 402432K, used 317752K [0x0000000080000000, 0x0000000100000000)
  region size 1024K, 4 young (4096K), 4 survivors (4096K)
 Metaspace       used 132346K, capacity 136525K, committed 140316K, reserved 1169408K
  class space    used 16652K, capacity 18284K, committed 19864K, reserved 1048576K
}
Event: 1832.449 GC heap before
{Heap before GC invocations=59 (full 0):
 garbage-first heap   total 402432K, used 274744K [0x0000000080000000, 0x0000000100000000)
  region size 1024K, 34 young (34816K), 4 survivors (4096K)
 Metaspace       used 131890K, capacity 135834K, committed 140316K, reserved 1169408K
  class space    used 16531K, capacity 18050K, committed 19864K, reserved 1048576K
}
Event: 1832.468 GC heap after
{Heap after GC invocations=60 (full 0):
 garbage-first heap   total 402432K, used 234366K [0x0000000080000000, 0x0000000100000000)
  region size 1024K, 5 young (5120K), 5 survivors (5120K)
 Metaspace       used 131890K, capacity 135834K, committed 140316K, reserved 1169408K
  class space    used 16531K, capacity 18050K, committed 19864K, reserved 1048576K
}
Event: 1833.060 GC heap before
{Heap before GC invocations=61 (full 0):
 garbage-first heap   total 402432K, used 321406K [0x0000000080000000, 0x0000000100000000)
  region size 1024K, 88 young (90112K), 5 survivors (5120K)
 Metaspace       used 131891K, capacity 135834K, committed 140316K, reserved 1169408K
  class space    used 16531K, capacity 18050K, committed 19864K, reserved 1048576K
}
Event: 1833.105 GC heap after
{Heap after GC invocations=62 (full 0):
 garbage-first heap   total 402432K, used 279697K [0x0000000080000000, 0x0000000100000000)
  region size 1024K, 11 young (11264K), 11 survivors (11264K)
 Metaspace       used 131891K, capacity 135834K, committed 140316K, reserved 1169408K
  class space    used 16531K, capacity 18050K, committed 19864K, reserved 1048576K
}
Event: 1833.175 GC heap before
{Heap before GC invocations=62 (full 0):
 garbage-first heap   total 402432K, used 287889K [0x0000000080000000, 0x0000000100000000)
  region size 1024K, 19 young (19456K), 11 survivors (11264K)
 Metaspace       used 131891K, capacity 135834K, committed 140316K, reserved 1169408K
  class space    used 16531K, capacity 18050K, committed 19864K, reserved 1048576K
}
Event: 1833.209 GC heap after
{Heap after GC invocations=63 (full 0):
 garbage-first heap   total 402432K, used 246272K [0x0000000080000000, 0x0000000100000000)
  region size 1024K, 3 young (3072K), 3 survivors (3072K)
 Metaspace       used 131891K, capacity 135834K, committed 140316K, reserved 1169408K
  class space    used 16531K, capacity 18050K, committed 19864K, reserved 1048576K
}

